Compilación iniciada a las 24/10/2013 14:24:37.
     1>Proyecto "C:\Users\David\Documents\GitHub\IG_practica1\freeglut project 2D\freeglut project 2D.vcxproj" en el nodo 2 (Build destinos).
     1>ClCompile:
         C:\Program Files (x86)\Microsoft Visual Studio 11.0\VC\bin\CL.exe /c /IC:\Users\David\Documents\GitHub\IG_practica1\freeglut\include\ /ZI /nologo /W3 /WX- /Od /Oy- /D _MBCS /Gm /EHsc /RTC1 /MDd /GS /fp:precise /Zc:wchar_t /Zc:forScope /Fo"Debug\\" /Fd"Debug\vc110.pdb" /Gd /TP /analyze- /errorReport:prompt arbol.cpp controlador.cpp
         controlador.cpp
         arbol.cpp
     1>c:\users\david\documents\github\ig_practica1\freeglut project 2d\arbol.cpp(30): warning C4018: '<' : no coinciden signed/unsigned
         Generando código...
       Link:
         C:\Program Files (x86)\Microsoft Visual Studio 11.0\VC\bin\link.exe /ERRORREPORT:PROMPT /OUT:"C:\Users\David\Documents\GitHub\IG_practica1\Debug\practica 1 IG.exe" /INCREMENTAL /NOLOGO /LIBPATH:C:\Users\David\Documents\GitHub\IG_practica1\freeglut\lib\ kernel32.lib user32.lib gdi32.lib winspool.lib comdlg32.lib advapi32.lib shell32.lib ole32.lib oleaut32.lib uuid.lib odbc32.lib odbccp32.lib /MANIFEST /MANIFESTUAC:"level='asInvoker' uiAccess='false'" /manifest:embed /DEBUG /PDB:"C:\Users\David\Documents\GitHub\IG_practica1\Debug\practica 1 IG.pdb" /TLBID:1 /DYNAMICBASE /NXCOMPAT /IMPLIB:"C:\Users\David\Documents\GitHub\IG_practica1\Debug\practica 1 IG.lib" /MACHINE:X86 Debug\arbol.obj
         Debug\controlador.obj
         Debug\cuadrado.obj
         Debug\escena.obj
         Debug\lapiz.obj
         Debug\main.obj
         Debug\punto.obj
         Debug\maintest2.obj
         LINK : no se encontró C:\Users\David\Documents\GitHub\IG_practica1\Debug\practica 1 IG.exe o no lo generó el último vínculo incremental; ejecutando vínculo completo
         freeglut project 2D.vcxproj -> C:\Users\David\Documents\GitHub\IG_practica1\Debug\practica 1 IG.exe
     1>Compilación del proyecto terminada "C:\Users\David\Documents\GitHub\IG_practica1\freeglut project 2D\freeglut project 2D.vcxproj" (Build destinos).

Compilación correcta.

Tiempo transcurrido 00:00:04.30
