C:\USERS\USUARIO_LOCAL\DOCUMENTS\GITHUB\IG_PRACTICA1\FREEGLUT PROJECT 2D\DEBUG\ARBOL.OBJ
C:\USERS\USUARIO_LOCAL\DOCUMENTS\GITHUB\IG_PRACTICA1\FREEGLUT PROJECT 2D\DEBUG\CONTROLADOR.OBJ
C:\USERS\USUARIO_LOCAL\DOCUMENTS\GITHUB\IG_PRACTICA1\FREEGLUT PROJECT 2D\DEBUG\CUADRADO.OBJ
C:\USERS\USUARIO_LOCAL\DOCUMENTS\GITHUB\IG_PRACTICA1\FREEGLUT PROJECT 2D\DEBUG\ESCENA.OBJ
C:\USERS\USUARIO_LOCAL\DOCUMENTS\GITHUB\IG_PRACTICA1\FREEGLUT PROJECT 2D\DEBUG\LAPIZ.OBJ
C:\USERS\USUARIO_LOCAL\DOCUMENTS\GITHUB\IG_PRACTICA1\FREEGLUT PROJECT 2D\DEBUG\MAIN.OBJ
C:\USERS\USUARIO_LOCAL\DOCUMENTS\GITHUB\IG_PRACTICA1\FREEGLUT PROJECT 2D\DEBUG\PUNTO.OBJ
C:\USERS\USUARIO_LOCAL\DOCUMENTS\GITHUB\IG_PRACTICA1\FREEGLUT PROJECT 2D\DEBUG\MAINTEST2.OBJ
C:\USERS\USUARIO_LOCAL\DOCUMENTS\GITHUB\IG_PRACTICA1\FREEGLUT PROJECT 2D\DEBUG\VC110.PDB
C:\USERS\USUARIO_LOCAL\DOCUMENTS\GITHUB\IG_PRACTICA1\DEBUG\PRACTICA 1 IG.ILK
C:\USERS\USUARIO_LOCAL\DOCUMENTS\GITHUB\IG_PRACTICA1\DEBUG\PRACTICA 1 IG.EXE
C:\USERS\USUARIO_LOCAL\DOCUMENTS\GITHUB\IG_PRACTICA1\DEBUG\PRACTICA 1 IG.PDB
C:\Users\usuario_local\Documents\GitHub\IG_practica1\freeglut project 2D\Debug\arbol.obj
C:\Users\usuario_local\Documents\GitHub\IG_practica1\freeglut project 2D\Debug\controlador.obj
C:\Users\usuario_local\Documents\GitHub\IG_practica1\freeglut project 2D\Debug\cuadrado.obj
C:\Users\usuario_local\Documents\GitHub\IG_practica1\freeglut project 2D\Debug\escena.obj
C:\Users\usuario_local\Documents\GitHub\IG_practica1\freeglut project 2D\Debug\lapiz.obj
C:\Users\usuario_local\Documents\GitHub\IG_practica1\freeglut project 2D\Debug\main.obj
C:\Users\usuario_local\Documents\GitHub\IG_practica1\freeglut project 2D\Debug\maintest2.obj
C:\Users\usuario_local\Documents\GitHub\IG_practica1\freeglut project 2D\Debug\punto.obj
C:\Users\usuario_local\Documents\GitHub\IG_practica1\freeglut project 2D\Debug\cl.command.1.tlog
C:\Users\usuario_local\Documents\GitHub\IG_practica1\freeglut project 2D\Debug\CL.read.1.tlog
C:\Users\usuario_local\Documents\GitHub\IG_practica1\freeglut project 2D\Debug\CL.write.1.tlog
C:\Users\usuario_local\Documents\GitHub\IG_practica1\freeglut project 2D\Debug\link-cvtres.read.1.tlog
C:\Users\usuario_local\Documents\GitHub\IG_practica1\freeglut project 2D\Debug\link-cvtres.write.1.tlog
C:\Users\usuario_local\Documents\GitHub\IG_practica1\freeglut project 2D\Debug\link-rc.read.1.tlog
C:\Users\usuario_local\Documents\GitHub\IG_practica1\freeglut project 2D\Debug\link-rc.write.1.tlog
C:\Users\usuario_local\Documents\GitHub\IG_practica1\freeglut project 2D\Debug\link.6044-cvtres.read.1.tlog
C:\Users\usuario_local\Documents\GitHub\IG_practica1\freeglut project 2D\Debug\link.6044-cvtres.write.1.tlog
C:\Users\usuario_local\Documents\GitHub\IG_practica1\freeglut project 2D\Debug\link.6044-rc.read.1.tlog
C:\Users\usuario_local\Documents\GitHub\IG_practica1\freeglut project 2D\Debug\link.6044-rc.write.1.tlog
C:\Users\usuario_local\Documents\GitHub\IG_practica1\freeglut project 2D\Debug\link.6044.read.1.tlog
C:\Users\usuario_local\Documents\GitHub\IG_practica1\freeglut project 2D\Debug\link.6044.write.1.tlog
C:\Users\usuario_local\Documents\GitHub\IG_practica1\freeglut project 2D\Debug\link.command.1.tlog
C:\Users\usuario_local\Documents\GitHub\IG_practica1\freeglut project 2D\Debug\link.read.1.tlog
C:\Users\usuario_local\Documents\GitHub\IG_practica1\freeglut project 2D\Debug\link.write.1.tlog
C:\Users\usuario_local\Documents\GitHub\IG_practica1\freeglut project 2D\Debug\vc110.idb
C:\Users\usuario_local\Documents\GitHub\IG_practica1\freeglut project 2D\Debug\vc110.pdb
C:\Users\usuario_local\Documents\GitHub\IG_practica1\Debug\practica 1 IG.pdb
C:\Users\usuario_local\Documents\GitHub\IG_practica1\Debug\practica 1 IG.exe
C:\Users\usuario_local\Documents\GitHub\IG_practica1\Debug\practica 1 IG.ilk
